CRITICAL - 2025-06-13 13:01:19 --> CodeIgniter\View\Exceptions\ViewException: Invalid file: "base_admin/base_admin.php"
[Method: GET, Route: dashboard]
in SYSTEMPATH\Exceptions\FrameworkException.php on line 39.
 1 SYSTEMPATH\View\View.php(212): CodeIgniter\Exceptions\FrameworkException::forInvalidFile('base_admin/base_admin.php')
 2 SYSTEMPATH\View\View.php(240): CodeIgniter\View\View->render('base_admin/base_admin', [], true)
 3 SYSTEMPATH\Common.php(1173): CodeIgniter\View\View->render('pages/admin/dashboard', [], true)
 4 APPPATH\Controllers\Admin.php(12): view('pages/admin/dashboard', [...])
 5 SYSTEMPATH\CodeIgniter.php(933): App\Controllers\Admin->index()
 6 SYSTEMPATH\CodeIgniter.php(507): CodeIgniter\CodeIgniter->runController(Object(App\Controllers\Admin))
 7 SYSTEMPATH\CodeIgniter.php(354): CodeIgniter\CodeIgniter->handleRequest(null, Object(Config\Cache), false)
 8 SYSTEMPATH\Boot.php(334): CodeIgniter\CodeIgniter->run()
 9 SYSTEMPATH\Boot.php(67): CodeIgniter\Boot::runCodeIgniter(Object(CodeIgniter\CodeIgniter))
10 FCPATH\index.php(59): CodeIgniter\Boot::bootWeb(Object(Config\Paths))
11 SYSTEMPATH\rewrite.php(44): require_once('C:\\Users\\Ilham Pangestu\\Documents\\Tugas Kuliah\\SEMESTER 4\\Pemrograman Web Lanjut\\dagangin-mart\\public\\index.php')
CRITICAL - 2025-06-13 22:54:36 --> CodeIgniter\View\Exceptions\ViewException: Invalid file: "admin/layout/template.php"
[Method: GET, Route: admin/customer]
in SYSTEMPATH\Exceptions\FrameworkException.php on line 39.
 1 SYSTEMPATH\View\View.php(212): CodeIgniter\Exceptions\FrameworkException::forInvalidFile('admin/layout/template.php')
 2 SYSTEMPATH\View\View.php(240): CodeIgniter\View\View->render('admin/layout/template', [], true)
 3 SYSTEMPATH\Common.php(1173): CodeIgniter\View\View->render('pages/admin/customer', [], true)
 4 APPPATH\Controllers\Admin.php(51): view('pages/admin/customer', [...])
 5 SYSTEMPATH\CodeIgniter.php(933): App\Controllers\Admin->customer()
 6 SYSTEMPATH\CodeIgniter.php(507): CodeIgniter\CodeIgniter->runController(Object(App\Controllers\Admin))
 7 SYSTEMPATH\CodeIgniter.php(354): CodeIgniter\CodeIgniter->handleRequest(null, Object(Config\Cache), false)
 8 SYSTEMPATH\Boot.php(334): CodeIgniter\CodeIgniter->run()
 9 SYSTEMPATH\Boot.php(67): CodeIgniter\Boot::runCodeIgniter(Object(CodeIgniter\CodeIgniter))
10 FCPATH\index.php(59): CodeIgniter\Boot::bootWeb(Object(Config\Paths))
11 SYSTEMPATH\rewrite.php(44): require_once('C:\\Users\\Ilham Pangestu\\Documents\\Tugas Kuliah\\SEMESTER 4\\Pemrograman Web Lanjut\\dagangin-mart\\public\\index.php')
CRITICAL - 2025-06-13 22:55:07 --> CodeIgniter\View\Exceptions\ViewException: Invalid file: "layout/template.php"
[Method: GET, Route: admin/customer]
in SYSTEMPATH\Exceptions\FrameworkException.php on line 39.
 1 SYSTEMPATH\View\View.php(212): CodeIgniter\Exceptions\FrameworkException::forInvalidFile('layout/template.php')
 2 SYSTEMPATH\View\View.php(240): CodeIgniter\View\View->render('layout/template', [], true)
 3 SYSTEMPATH\Common.php(1173): CodeIgniter\View\View->render('pages/admin/customer', [], true)
 4 APPPATH\Controllers\Admin.php(51): view('pages/admin/customer', [...])
 5 SYSTEMPATH\CodeIgniter.php(933): App\Controllers\Admin->customer()
 6 SYSTEMPATH\CodeIgniter.php(507): CodeIgniter\CodeIgniter->runController(Object(App\Controllers\Admin))
 7 SYSTEMPATH\CodeIgniter.php(354): CodeIgniter\CodeIgniter->handleRequest(null, Object(Config\Cache), false)
 8 SYSTEMPATH\Boot.php(334): CodeIgniter\CodeIgniter->run()
 9 SYSTEMPATH\Boot.php(67): CodeIgniter\Boot::runCodeIgniter(Object(CodeIgniter\CodeIgniter))
10 FCPATH\index.php(59): CodeIgniter\Boot::bootWeb(Object(Config\Paths))
11 SYSTEMPATH\rewrite.php(44): require_once('C:\\Users\\Ilham Pangestu\\Documents\\Tugas Kuliah\\SEMESTER 4\\Pemrograman Web Lanjut\\dagangin-mart\\public\\index.php')
CRITICAL - 2025-06-13 23:41:53 --> ParseError: syntax error, unexpected identifier "fa", expecting "," or ";"
[Method: GET, Route: admin/kategori]
in APPPATH\Views\pages\admin\kategori.php on line 13.
 1 SYSTEMPATH\View\View.php(227): CodeIgniter\View\View->CodeIgniter\View\{closure}()
 2 SYSTEMPATH\Common.php(1173): CodeIgniter\View\View->render('pages/admin/kategori', [], true)
 3 APPPATH\Controllers\Admin.php(67): view('pages/admin/kategori', [...])
 4 SYSTEMPATH\CodeIgniter.php(933): App\Controllers\Admin->kategori()
 5 SYSTEMPATH\CodeIgniter.php(507): CodeIgniter\CodeIgniter->runController(Object(App\Controllers\Admin))
 6 SYSTEMPATH\CodeIgniter.php(354): CodeIgniter\CodeIgniter->handleRequest(null, Object(Config\Cache), false)
 7 SYSTEMPATH\Boot.php(334): CodeIgniter\CodeIgniter->run()
 8 SYSTEMPATH\Boot.php(67): CodeIgniter\Boot::runCodeIgniter(Object(CodeIgniter\CodeIgniter))
 9 FCPATH\index.php(59): CodeIgniter\Boot::bootWeb(Object(Config\Paths))
10 SYSTEMPATH\rewrite.php(44): require_once('C:\\Users\\Ilham Pangestu\\Documents\\Tugas Kuliah\\SEMESTER 4\\Pemrograman Web Lanjut\\dagangin-mart\\public\\index.php')
CRITICAL - 2025-06-13 23:54:42 --> ErrorException: Undefined array key "status"
[Method: GET, Route: admin/pesanan]
in APPPATH\Views\pages\admin\pesanan.php on line 10.
 1 APPPATH\Views\pages\admin\pesanan.php(10): CodeIgniter\Debug\Exceptions->errorHandler(2, 'Undefined array key "status"', 'C:\\Users\\Ilham Pangestu\\Documents\\Tugas Kuliah\\SEMESTER 4\\Pemrograman Web Lanjut\\dagangin-mart\\app\\Views\\pages\\admin\\pesanan.php', 10)
 2 SYSTEMPATH\View\View.php(224): include('C:\\Users\\Ilham Pangestu\\Documents\\Tugas Kuliah\\SEMESTER 4\\Pemrograman Web Lanjut\\dagangin-mart\\app\\Views\\pages\\admin\\pesanan.php')
 3 SYSTEMPATH\View\View.php(227): CodeIgniter\View\View->CodeIgniter\View\{closure}()
 4 SYSTEMPATH\Common.php(1173): CodeIgniter\View\View->render('pages/admin/pesanan', [], true)
 5 APPPATH\Controllers\Admin.php(93): view('pages/admin/pesanan', [...])
 6 SYSTEMPATH\CodeIgniter.php(933): App\Controllers\Admin->pesanan()
 7 SYSTEMPATH\CodeIgniter.php(507): CodeIgniter\CodeIgniter->runController(Object(App\Controllers\Admin))
 8 SYSTEMPATH\CodeIgniter.php(354): CodeIgniter\CodeIgniter->handleRequest(null, Object(Config\Cache), false)
 9 SYSTEMPATH\Boot.php(334): CodeIgniter\CodeIgniter->run()
10 SYSTEMPATH\Boot.php(67): CodeIgniter\Boot::runCodeIgniter(Object(CodeIgniter\CodeIgniter))
11 FCPATH\index.php(59): CodeIgniter\Boot::bootWeb(Object(Config\Paths))
12 SYSTEMPATH\rewrite.php(44): require_once('C:\\Users\\Ilham Pangestu\\Documents\\Tugas Kuliah\\SEMESTER 4\\Pemrograman Web Lanjut\\dagangin-mart\\public\\index.php')
CRITICAL - 2025-06-13 23:58:03 --> ErrorException: Undefined array key "id"
[Method: GET, Route: admin/pesanan]
in APPPATH\Views\pages\admin\pesanan.php on line 12.
 1 APPPATH\Views\pages\admin\pesanan.php(12): CodeIgniter\Debug\Exceptions->errorHandler(2, 'Undefined array key "id"', 'C:\\Users\\Ilham Pangestu\\Documents\\Tugas Kuliah\\SEMESTER 4\\Pemrograman Web Lanjut\\dagangin-mart\\app\\Views\\pages\\admin\\pesanan.php', 12)
 2 SYSTEMPATH\View\View.php(224): include('C:\\Users\\Ilham Pangestu\\Documents\\Tugas Kuliah\\SEMESTER 4\\Pemrograman Web Lanjut\\dagangin-mart\\app\\Views\\pages\\admin\\pesanan.php')
 3 SYSTEMPATH\View\View.php(227): CodeIgniter\View\View->CodeIgniter\View\{closure}()
 4 SYSTEMPATH\Common.php(1173): CodeIgniter\View\View->render('pages/admin/pesanan', [], true)
 5 APPPATH\Controllers\Admin.php(93): view('pages/admin/pesanan', [...])
 6 SYSTEMPATH\CodeIgniter.php(933): App\Controllers\Admin->pesanan()
 7 SYSTEMPATH\CodeIgniter.php(507): CodeIgniter\CodeIgniter->runController(Object(App\Controllers\Admin))
 8 SYSTEMPATH\CodeIgniter.php(354): CodeIgniter\CodeIgniter->handleRequest(null, Object(Config\Cache), false)
 9 SYSTEMPATH\Boot.php(334): CodeIgniter\CodeIgniter->run()
10 SYSTEMPATH\Boot.php(67): CodeIgniter\Boot::runCodeIgniter(Object(CodeIgniter\CodeIgniter))
11 FCPATH\index.php(59): CodeIgniter\Boot::bootWeb(Object(Config\Paths))
12 SYSTEMPATH\rewrite.php(44): require_once('C:\\Users\\Ilham Pangestu\\Documents\\Tugas Kuliah\\SEMESTER 4\\Pemrograman Web Lanjut\\dagangin-mart\\public\\index.php')
