CRITICAL - 2025-06-14 01:29:36 --> ErrorException: Undefined variable $title
[Method: GET, Route: /]
in APPPATH\Views\layout\base_user.php on line 7.
 1 APPPATH\Views\layout\base_user.php(7): CodeIgniter\Debug\Exceptions->errorHandler(2, 'Undefined variable $title', 'C:\\Users\\Ilham Pangestu\\Documents\\Tugas Kuliah\\SEMESTER 4\\Pemrograman Web Lanjut\\dagangin-mart\\app\\Views\\layout\\base_user.php', 7)
 2 SYSTEMPATH\View\View.php(224): include('C:\\Users\\Ilham Pangestu\\Documents\\Tugas Kuliah\\SEMESTER 4\\Pemrograman Web Lanjut\\dagangin-mart\\app\\Views\\layout\\base_user.php')
 3 SYSTEMPATH\View\View.php(227): CodeIgniter\View\View->CodeIgniter\View\{closure}()
 4 SYSTEMPATH\View\View.php(240): CodeIgniter\View\View->render('layout/base_user', [], true)
 5 SYSTEMPATH\Common.php(1173): CodeIgniter\View\View->render('pages/user/homepage', [], true)
 6 APPPATH\Controllers\User.php(12): view('pages/user/homepage')
 7 SYSTEMPATH\CodeIgniter.php(933): App\Controllers\User->index()
 8 SYSTEMPATH\CodeIgniter.php(507): CodeIgniter\CodeIgniter->runController(Object(App\Controllers\User))
 9 SYSTEMPATH\CodeIgniter.php(354): CodeIgniter\CodeIgniter->handleRequest(null, Object(Config\Cache), false)
10 SYSTEMPATH\Boot.php(334): CodeIgniter\CodeIgniter->run()
11 SYSTEMPATH\Boot.php(67): CodeIgniter\Boot::runCodeIgniter(Object(CodeIgniter\CodeIgniter))
12 FCPATH\index.php(59): CodeIgniter\Boot::bootWeb(Object(Config\Paths))
13 SYSTEMPATH\rewrite.php(44): require_once('C:\\Users\\Ilham Pangestu\\Documents\\Tugas Kuliah\\SEMESTER 4\\Pemrograman Web Lanjut\\dagangin-mart\\public\\index.php')
CRITICAL - 2025-06-14 01:30:10 --> CodeIgniter\View\Exceptions\ViewException: Invalid file: "template/footer_user.php"
[Method: GET, Route: /]
in SYSTEMPATH\Exceptions\FrameworkException.php on line 39.
 1 SYSTEMPATH\View\View.php(212): CodeIgniter\Exceptions\FrameworkException::forInvalidFile('template/footer_user.php')
 2 SYSTEMPATH\View\View.php(475): CodeIgniter\View\View->render('template/footer_user', null, true)
 3 APPPATH\Views\layout\base_user.php(31): CodeIgniter\View\View->include('template/footer_user')
 4 SYSTEMPATH\View\View.php(224): include('C:\\Users\\Ilham Pangestu\\Documents\\Tugas Kuliah\\SEMESTER 4\\Pemrograman Web Lanjut\\dagangin-mart\\app\\Views\\layout\\base_user.php')
 5 SYSTEMPATH\View\View.php(227): CodeIgniter\View\View->CodeIgniter\View\{closure}()
 6 SYSTEMPATH\View\View.php(240): CodeIgniter\View\View->render('layout/base_user', [], true)
 7 SYSTEMPATH\Common.php(1173): CodeIgniter\View\View->render('pages/user/homepage', [], true)
 8 APPPATH\Controllers\User.php(12): view('pages/user/homepage', [...])
 9 SYSTEMPATH\CodeIgniter.php(933): App\Controllers\User->index()
10 SYSTEMPATH\CodeIgniter.php(507): CodeIgniter\CodeIgniter->runController(Object(App\Controllers\User))
11 SYSTEMPATH\CodeIgniter.php(354): CodeIgniter\CodeIgniter->handleRequest(null, Object(Config\Cache), false)
12 SYSTEMPATH\Boot.php(334): CodeIgniter\CodeIgniter->run()
13 SYSTEMPATH\Boot.php(67): CodeIgniter\Boot::runCodeIgniter(Object(CodeIgniter\CodeIgniter))
14 FCPATH\index.php(59): CodeIgniter\Boot::bootWeb(Object(Config\Paths))
15 SYSTEMPATH\rewrite.php(44): require_once('C:\\Users\\Ilham Pangestu\\Documents\\Tugas Kuliah\\SEMESTER 4\\Pemrograman Web Lanjut\\dagangin-mart\\public\\index.php')
DEBUG - 2025-06-14 04:32:33 --> Session: Class initialized using 'CodeIgniter\Session\Handlers\FileHandler' driver.
DEBUG - 2025-06-14 04:45:18 --> Session: Class initialized using 'CodeIgniter\Session\Handlers\FileHandler' driver.
CRITICAL - 2025-06-14 04:52:00 --> ErrorException: Undefined variable $title
[Method: GET, Route: login-admin]
in APPPATH\Views\auth\login.php on line 7.
 1 APPPATH\Views\auth\login.php(7): CodeIgniter\Debug\Exceptions->errorHandler(2, 'Undefined variable $title', 'C:\\laragon\\www\\dagangin-mart\\app\\Views\\auth\\login.php', 7)
 2 SYSTEMPATH\View\View.php(224): include('C:\\laragon\\www\\dagangin-mart\\app\\Views\\auth\\login.php')
 3 SYSTEMPATH\View\View.php(227): CodeIgniter\View\View->CodeIgniter\View\{closure}()
 4 SYSTEMPATH\Common.php(1173): CodeIgniter\View\View->render('auth/login', [], true)
 5 APPPATH\Controllers\AuthAdmin.php(10): view('auth/login')
 6 SYSTEMPATH\CodeIgniter.php(933): App\Controllers\AuthAdmin->login()
 7 SYSTEMPATH\CodeIgniter.php(507): CodeIgniter\CodeIgniter->runController(Object(App\Controllers\AuthAdmin))
 8 SYSTEMPATH\CodeIgniter.php(354): CodeIgniter\CodeIgniter->handleRequest(null, Object(Config\Cache), false)
 9 SYSTEMPATH\Boot.php(334): CodeIgniter\CodeIgniter->run()
10 SYSTEMPATH\Boot.php(67): CodeIgniter\Boot::runCodeIgniter(Object(CodeIgniter\CodeIgniter))
11 FCPATH\index.php(59): CodeIgniter\Boot::bootWeb(Object(Config\Paths))
12 SYSTEMPATH\rewrite.php(44): require_once('C:\\laragon\\www\\dagangin-mart\\public\\index.php')
CRITICAL - 2025-06-14 04:52:50 --> ErrorException: Undefined variable $title
[Method: GET, Route: login-admin]
in APPPATH\Views\auth\login.php on line 7.
 1 APPPATH\Views\auth\login.php(7): CodeIgniter\Debug\Exceptions->errorHandler(2, 'Undefined variable $title', 'C:\\laragon\\www\\dagangin-mart\\app\\Views\\auth\\login.php', 7)
 2 SYSTEMPATH\View\View.php(224): include('C:\\laragon\\www\\dagangin-mart\\app\\Views\\auth\\login.php')
 3 SYSTEMPATH\View\View.php(227): CodeIgniter\View\View->CodeIgniter\View\{closure}()
 4 SYSTEMPATH\Common.php(1173): CodeIgniter\View\View->render('auth/login', [], true)
 5 APPPATH\Controllers\AuthAdmin.php(10): view('auth/login')
 6 SYSTEMPATH\CodeIgniter.php(933): App\Controllers\AuthAdmin->login()
 7 SYSTEMPATH\CodeIgniter.php(507): CodeIgniter\CodeIgniter->runController(Object(App\Controllers\AuthAdmin))
 8 SYSTEMPATH\CodeIgniter.php(354): CodeIgniter\CodeIgniter->handleRequest(null, Object(Config\Cache), false)
 9 SYSTEMPATH\Boot.php(334): CodeIgniter\CodeIgniter->run()
10 SYSTEMPATH\Boot.php(67): CodeIgniter\Boot::runCodeIgniter(Object(CodeIgniter\CodeIgniter))
11 FCPATH\index.php(59): CodeIgniter\Boot::bootWeb(Object(Config\Paths))
12 SYSTEMPATH\rewrite.php(44): require_once('C:\\laragon\\www\\dagangin-mart\\public\\index.php')
CRITICAL - 2025-06-14 04:53:43 --> ErrorException: Undefined variable $title
[Method: GET, Route: login-admin]
in APPPATH\Views\auth\login.php on line 7.
 1 APPPATH\Views\auth\login.php(7): CodeIgniter\Debug\Exceptions->errorHandler(2, 'Undefined variable $title', 'C:\\laragon\\www\\dagangin-mart\\app\\Views\\auth\\login.php', 7)
 2 SYSTEMPATH\View\View.php(224): include('C:\\laragon\\www\\dagangin-mart\\app\\Views\\auth\\login.php')
 3 SYSTEMPATH\View\View.php(227): CodeIgniter\View\View->CodeIgniter\View\{closure}()
 4 SYSTEMPATH\Common.php(1173): CodeIgniter\View\View->render('auth/login', [], true)
 5 APPPATH\Controllers\AuthAdmin.php(10): view('auth/login')
 6 SYSTEMPATH\CodeIgniter.php(933): App\Controllers\AuthAdmin->login()
 7 SYSTEMPATH\CodeIgniter.php(507): CodeIgniter\CodeIgniter->runController(Object(App\Controllers\AuthAdmin))
 8 SYSTEMPATH\CodeIgniter.php(354): CodeIgniter\CodeIgniter->handleRequest(null, Object(Config\Cache), false)
 9 SYSTEMPATH\Boot.php(334): CodeIgniter\CodeIgniter->run()
10 SYSTEMPATH\Boot.php(67): CodeIgniter\Boot::runCodeIgniter(Object(CodeIgniter\CodeIgniter))
11 FCPATH\index.php(59): CodeIgniter\Boot::bootWeb(Object(Config\Paths))
12 SYSTEMPATH\rewrite.php(44): require_once('C:\\laragon\\www\\dagangin-mart\\public\\index.php')
CRITICAL - 2025-06-14 04:53:46 --> ErrorException: Undefined variable $header
[Method: GET, Route: login-admin]
in APPPATH\Views\auth\login.php on line 125.
 1 APPPATH\Views\auth\login.php(125): CodeIgniter\Debug\Exceptions->errorHandler(2, 'Undefined variable $header', 'C:\\laragon\\www\\dagangin-mart\\app\\Views\\auth\\login.php', 125)
 2 SYSTEMPATH\View\View.php(224): include('C:\\laragon\\www\\dagangin-mart\\app\\Views\\auth\\login.php')
 3 SYSTEMPATH\View\View.php(227): CodeIgniter\View\View->CodeIgniter\View\{closure}()
 4 SYSTEMPATH\Common.php(1173): CodeIgniter\View\View->render('auth/login', [], true)
 5 APPPATH\Controllers\AuthAdmin.php(10): view('auth/login')
 6 SYSTEMPATH\CodeIgniter.php(933): App\Controllers\AuthAdmin->login()
 7 SYSTEMPATH\CodeIgniter.php(507): CodeIgniter\CodeIgniter->runController(Object(App\Controllers\AuthAdmin))
 8 SYSTEMPATH\CodeIgniter.php(354): CodeIgniter\CodeIgniter->handleRequest(null, Object(Config\Cache), false)
 9 SYSTEMPATH\Boot.php(334): CodeIgniter\CodeIgniter->run()
10 SYSTEMPATH\Boot.php(67): CodeIgniter\Boot::runCodeIgniter(Object(CodeIgniter\CodeIgniter))
11 FCPATH\index.php(59): CodeIgniter\Boot::bootWeb(Object(Config\Paths))
12 SYSTEMPATH\rewrite.php(44): require_once('C:\\laragon\\www\\dagangin-mart\\public\\index.php')
DEBUG - 2025-06-14 04:56:19 --> Session: Class initialized using 'CodeIgniter\Session\Handlers\FileHandler' driver.
DEBUG - 2025-06-14 04:58:42 --> Session: Class initialized using 'CodeIgniter\Session\Handlers\FileHandler' driver.
DEBUG - 2025-06-14 04:59:15 --> Session: Class initialized using 'CodeIgniter\Session\Handlers\FileHandler' driver.
DEBUG - 2025-06-14 04:59:22 --> Session: Class initialized using 'CodeIgniter\Session\Handlers\FileHandler' driver.
DEBUG - 2025-06-14 04:59:23 --> Session: Class initialized using 'CodeIgniter\Session\Handlers\FileHandler' driver.
DEBUG - 2025-06-14 04:59:46 --> Session: Class initialized using 'CodeIgniter\Session\Handlers\FileHandler' driver.
DEBUG - 2025-06-14 04:59:47 --> Session: Class initialized using 'CodeIgniter\Session\Handlers\FileHandler' driver.
DEBUG - 2025-06-14 04:59:57 --> Session: Class initialized using 'CodeIgniter\Session\Handlers\FileHandler' driver.
CRITICAL - 2025-06-14 15:33:42 --> ErrorException: Undefined variable $title
[Method: GET, Route: register-admin]
in APPPATH\Views\auth\register.php on line 7.
 1 APPPATH\Views\auth\register.php(7): CodeIgniter\Debug\Exceptions->errorHandler(2, 'Undefined variable $title', 'C:\\laragon\\www\\dagangin-mart\\app\\Views\\auth\\register.php', 7)
 2 SYSTEMPATH\View\View.php(224): include('C:\\laragon\\www\\dagangin-mart\\app\\Views\\auth\\register.php')
 3 SYSTEMPATH\View\View.php(227): CodeIgniter\View\View->CodeIgniter\View\{closure}()
 4 SYSTEMPATH\Common.php(1173): CodeIgniter\View\View->render('auth/register', [], true)
 5 APPPATH\Controllers\AdminRegister.php(10): view('auth/register')
 6 SYSTEMPATH\CodeIgniter.php(933): App\Controllers\AdminRegister->index()
 7 SYSTEMPATH\CodeIgniter.php(507): CodeIgniter\CodeIgniter->runController(Object(App\Controllers\AdminRegister))
 8 SYSTEMPATH\CodeIgniter.php(354): CodeIgniter\CodeIgniter->handleRequest(null, Object(Config\Cache), false)
 9 SYSTEMPATH\Boot.php(334): CodeIgniter\CodeIgniter->run()
10 SYSTEMPATH\Boot.php(67): CodeIgniter\Boot::runCodeIgniter(Object(CodeIgniter\CodeIgniter))
11 FCPATH\index.php(59): CodeIgniter\Boot::bootWeb(Object(Config\Paths))
12 SYSTEMPATH\rewrite.php(44): require_once('C:\\laragon\\www\\dagangin-mart\\public\\index.php')
DEBUG - 2025-06-14 15:35:34 --> Session: Class initialized using 'CodeIgniter\Session\Handlers\FileHandler' driver.
DEBUG - 2025-06-14 15:36:10 --> Session: Class initialized using 'CodeIgniter\Session\Handlers\FileHandler' driver.
DEBUG - 2025-06-14 15:36:56 --> Session: Class initialized using 'CodeIgniter\Session\Handlers\FileHandler' driver.
DEBUG - 2025-06-14 15:37:59 --> Session: Class initialized using 'CodeIgniter\Session\Handlers\FileHandler' driver.
DEBUG - 2025-06-14 15:38:29 --> Session: Class initialized using 'CodeIgniter\Session\Handlers\FileHandler' driver.
DEBUG - 2025-06-14 15:38:31 --> Session: Class initialized using 'CodeIgniter\Session\Handlers\FileHandler' driver.
DEBUG - 2025-06-14 15:38:34 --> Session: Class initialized using 'CodeIgniter\Session\Handlers\FileHandler' driver.
DEBUG - 2025-06-14 15:38:40 --> Session: Class initialized using 'CodeIgniter\Session\Handlers\FileHandler' driver.
DEBUG - 2025-06-14 15:40:15 --> Session: Class initialized using 'CodeIgniter\Session\Handlers\FileHandler' driver.
DEBUG - 2025-06-14 15:40:18 --> Session: Class initialized using 'CodeIgniter\Session\Handlers\FileHandler' driver.
DEBUG - 2025-06-14 15:40:20 --> Session: Class initialized using 'CodeIgniter\Session\Handlers\FileHandler' driver.
DEBUG - 2025-06-14 15:40:21 --> Session: Class initialized using 'CodeIgniter\Session\Handlers\FileHandler' driver.
DEBUG - 2025-06-14 15:51:01 --> Session: Class initialized using 'CodeIgniter\Session\Handlers\FileHandler' driver.
CRITICAL - 2025-06-14 15:51:01 --> CodeIgniter\View\Exceptions\ViewException: Invalid file: "admin/verifikasi_email.php"
[Method: POST, Route: admin/register/store]
in SYSTEMPATH\Exceptions\FrameworkException.php on line 39.
 1 SYSTEMPATH\View\View.php(212): CodeIgniter\Exceptions\FrameworkException::forInvalidFile('admin/verifikasi_email.php')
 2 SYSTEMPATH\Common.php(1173): CodeIgniter\View\View->render('admin/verifikasi_email', [], true)
 3 APPPATH\Controllers\AdminRegister.php(49): view('admin/verifikasi_email', [...])
 4 SYSTEMPATH\CodeIgniter.php(933): App\Controllers\AdminRegister->store()
 5 SYSTEMPATH\CodeIgniter.php(507): CodeIgniter\CodeIgniter->runController(Object(App\Controllers\AdminRegister))
 6 SYSTEMPATH\CodeIgniter.php(354): CodeIgniter\CodeIgniter->handleRequest(null, Object(Config\Cache), false)
 7 SYSTEMPATH\Boot.php(334): CodeIgniter\CodeIgniter->run()
 8 SYSTEMPATH\Boot.php(67): CodeIgniter\Boot::runCodeIgniter(Object(CodeIgniter\CodeIgniter))
 9 FCPATH\index.php(59): CodeIgniter\Boot::bootWeb(Object(Config\Paths))
10 SYSTEMPATH\rewrite.php(44): require_once('C:\\laragon\\www\\dagangin-mart\\public\\index.php')
DEBUG - 2025-06-14 15:53:58 --> Session: Class initialized using 'CodeIgniter\Session\Handlers\FileHandler' driver.
DEBUG - 2025-06-14 15:54:00 --> Session: Class initialized using 'CodeIgniter\Session\Handlers\FileHandler' driver.
DEBUG - 2025-06-14 15:54:28 --> Session: Class initialized using 'CodeIgniter\Session\Handlers\FileHandler' driver.
CRITICAL - 2025-06-14 15:54:28 --> CodeIgniter\View\Exceptions\ViewException: Invalid file: "admin/status_verifikasi.php"
[Method: GET, Route: admin/register/status]
in SYSTEMPATH\Exceptions\FrameworkException.php on line 39.
 1 SYSTEMPATH\View\View.php(212): CodeIgniter\Exceptions\FrameworkException::forInvalidFile('admin/status_verifikasi.php')
 2 SYSTEMPATH\Common.php(1173): CodeIgniter\View\View->render('admin/status_verifikasi', [], true)
 3 APPPATH\Controllers\AdminRegister.php(71): view('admin/status_verifikasi', [...])
 4 SYSTEMPATH\CodeIgniter.php(933): App\Controllers\AdminRegister->status()
 5 SYSTEMPATH\CodeIgniter.php(507): CodeIgniter\CodeIgniter->runController(Object(App\Controllers\AdminRegister))
 6 SYSTEMPATH\CodeIgniter.php(354): CodeIgniter\CodeIgniter->handleRequest(null, Object(Config\Cache), false)
 7 SYSTEMPATH\Boot.php(334): CodeIgniter\CodeIgniter->run()
 8 SYSTEMPATH\Boot.php(67): CodeIgniter\Boot::runCodeIgniter(Object(CodeIgniter\CodeIgniter))
 9 FCPATH\index.php(59): CodeIgniter\Boot::bootWeb(Object(Config\Paths))
10 SYSTEMPATH\rewrite.php(44): require_once('C:\\laragon\\www\\dagangin-mart\\public\\index.php')
DEBUG - 2025-06-14 15:55:49 --> Session: Class initialized using 'CodeIgniter\Session\Handlers\FileHandler' driver.
DEBUG - 2025-06-14 15:56:11 --> Session: Class initialized using 'CodeIgniter\Session\Handlers\FileHandler' driver.
DEBUG - 2025-06-14 15:59:21 --> Session: Class initialized using 'CodeIgniter\Session\Handlers\FileHandler' driver.
DEBUG - 2025-06-14 15:59:41 --> Session: Class initialized using 'CodeIgniter\Session\Handlers\FileHandler' driver.
DEBUG - 2025-06-14 15:59:44 --> Session: Class initialized using 'CodeIgniter\Session\Handlers\FileHandler' driver.
DEBUG - 2025-06-14 16:00:46 --> Session: Class initialized using 'CodeIgniter\Session\Handlers\FileHandler' driver.
DEBUG - 2025-06-14 16:01:00 --> Session: Class initialized using 'CodeIgniter\Session\Handlers\FileHandler' driver.
DEBUG - 2025-06-14 16:01:04 --> Session: Class initialized using 'CodeIgniter\Session\Handlers\FileHandler' driver.
DEBUG - 2025-06-14 16:02:53 --> Session: Class initialized using 'CodeIgniter\Session\Handlers\FileHandler' driver.
DEBUG - 2025-06-14 16:03:17 --> Session: Class initialized using 'CodeIgniter\Session\Handlers\FileHandler' driver.
DEBUG - 2025-06-14 16:03:21 --> Session: Class initialized using 'CodeIgniter\Session\Handlers\FileHandler' driver.
DEBUG - 2025-06-14 16:04:24 --> Session: Class initialized using 'CodeIgniter\Session\Handlers\FileHandler' driver.
DEBUG - 2025-06-14 16:10:52 --> Session: Class initialized using 'CodeIgniter\Session\Handlers\FileHandler' driver.
DEBUG - 2025-06-14 16:10:56 --> Session: Class initialized using 'CodeIgniter\Session\Handlers\FileHandler' driver.
DEBUG - 2025-06-14 16:11:32 --> Session: Class initialized using 'CodeIgniter\Session\Handlers\FileHandler' driver.
DEBUG - 2025-06-14 16:11:32 --> Session: Class initialized using 'CodeIgniter\Session\Handlers\FileHandler' driver.
DEBUG - 2025-06-14 16:12:39 --> Session: Class initialized using 'CodeIgniter\Session\Handlers\FileHandler' driver.
ERROR - 2025-06-14 16:12:50 --> Email: sendWithSmtp throwed ErrorException: fsockopen(): php_network_getaddresses: getaddrinfo for smtp.gmail.com failed: No such host is known.  in C:\laragon\www\dagangin-mart\system\Email\Email.php:1900
Stack trace:
#0 [internal function]: CodeIgniter\Debug\Exceptions->errorHandler(2, 'fsockopen(): ph...', 'C:\\laragon\\www\\...', 1900)
#1 C:\laragon\www\dagangin-mart\system\Email\Email.php(1900): fsockopen('ssl://smtp.gmai...', 465, NULL, NULL, 5)
#2 C:\laragon\www\dagangin-mart\system\Email\Email.php(1813): CodeIgniter\Email\Email->SMTPConnect()
#3 C:\laragon\www\dagangin-mart\system\Email\Email.php(1698): CodeIgniter\Email\Email->sendWithSmtp()
#4 C:\laragon\www\dagangin-mart\system\Email\Email.php(1592): CodeIgniter\Email\Email->spoolEmail()
#5 C:\laragon\www\dagangin-mart\app\Controllers\AdminRegister.php(53): CodeIgniter\Email\Email->send()
#6 C:\laragon\www\dagangin-mart\system\CodeIgniter.php(933): App\Controllers\AdminRegister->store()
#7 C:\laragon\www\dagangin-mart\system\CodeIgniter.php(507): CodeIgniter\CodeIgniter->runController(Object(App\Controllers\AdminRegister))
#8 C:\laragon\www\dagangin-mart\system\CodeIgniter.php(354): CodeIgniter\CodeIgniter->handleRequest(NULL, Object(Config\Cache), false)
#9 C:\laragon\www\dagangin-mart\system\Boot.php(334): CodeIgniter\CodeIgniter->run()
#10 C:\laragon\www\dagangin-mart\system\Boot.php(67): CodeIgniter\Boot::runCodeIgniter(Object(CodeIgniter\CodeIgniter))
#11 C:\laragon\www\dagangin-mart\public\index.php(59): CodeIgniter\Boot::bootWeb(Object(Config\Paths))
#12 C:\laragon\www\dagangin-mart\system\rewrite.php(44): require_once('C:\\laragon\\www\\...')
#13 {main}
ERROR - 2025-06-14 16:12:50 --> Email: Unable to send email using SMTP. Your server might not be configured to send mail using this method.
ERROR - 2025-06-14 16:12:50 --> 
DEBUG - 2025-06-14 16:20:00 --> Session: Class initialized using 'CodeIgniter\Session\Handlers\FileHandler' driver.
DEBUG - 2025-06-14 16:20:17 --> Session: Class initialized using 'CodeIgniter\Session\Handlers\FileHandler' driver.
DEBUG - 2025-06-14 16:23:23 --> Session: Class initialized using 'CodeIgniter\Session\Handlers\FileHandler' driver.
DEBUG - 2025-06-14 16:23:44 --> Session: Class initialized using 'CodeIgniter\Session\Handlers\FileHandler' driver.
DEBUG - 2025-06-14 16:23:54 --> Session: Class initialized using 'CodeIgniter\Session\Handlers\FileHandler' driver.
DEBUG - 2025-06-14 16:24:11 --> Session: Class initialized using 'CodeIgniter\Session\Handlers\FileHandler' driver.
DEBUG - 2025-06-14 16:24:12 --> Session: Class initialized using 'CodeIgniter\Session\Handlers\FileHandler' driver.
DEBUG - 2025-06-14 16:24:20 --> Session: Class initialized using 'CodeIgniter\Session\Handlers\FileHandler' driver.
DEBUG - 2025-06-14 16:24:47 --> Session: Class initialized using 'CodeIgniter\Session\Handlers\FileHandler' driver.
ERROR - 2025-06-14 16:24:47 --> Email: sendWithSmtp throwed ErrorException: fsockopen(): php_network_getaddresses: getaddrinfo for smtp.gmail.com failed: No such host is known.  in C:\laragon\www\dagangin-mart\system\Email\Email.php:1900
Stack trace:
#0 [internal function]: CodeIgniter\Debug\Exceptions->errorHandler(2, 'fsockopen(): ph...', 'C:\\laragon\\www\\...', 1900)
#1 C:\laragon\www\dagangin-mart\system\Email\Email.php(1900): fsockopen('ssl://smtp.gmai...', 465, NULL, NULL, 5)
#2 C:\laragon\www\dagangin-mart\system\Email\Email.php(1813): CodeIgniter\Email\Email->SMTPConnect()
#3 C:\laragon\www\dagangin-mart\system\Email\Email.php(1698): CodeIgniter\Email\Email->sendWithSmtp()
#4 C:\laragon\www\dagangin-mart\system\Email\Email.php(1592): CodeIgniter\Email\Email->spoolEmail()
#5 C:\laragon\www\dagangin-mart\app\Controllers\AdminRegister.php(53): CodeIgniter\Email\Email->send()
#6 C:\laragon\www\dagangin-mart\system\CodeIgniter.php(933): App\Controllers\AdminRegister->store()
#7 C:\laragon\www\dagangin-mart\system\CodeIgniter.php(507): CodeIgniter\CodeIgniter->runController(Object(App\Controllers\AdminRegister))
#8 C:\laragon\www\dagangin-mart\system\CodeIgniter.php(354): CodeIgniter\CodeIgniter->handleRequest(NULL, Object(Config\Cache), false)
#9 C:\laragon\www\dagangin-mart\system\Boot.php(334): CodeIgniter\CodeIgniter->run()
#10 C:\laragon\www\dagangin-mart\system\Boot.php(67): CodeIgniter\Boot::runCodeIgniter(Object(CodeIgniter\CodeIgniter))
#11 C:\laragon\www\dagangin-mart\public\index.php(59): CodeIgniter\Boot::bootWeb(Object(Config\Paths))
#12 C:\laragon\www\dagangin-mart\system\rewrite.php(44): require_once('C:\\laragon\\www\\...')
#13 {main}
ERROR - 2025-06-14 16:24:47 --> Email: Unable to send email using SMTP. Your server might not be configured to send mail using this method.
ERROR - 2025-06-14 16:24:47 --> 
DEBUG - 2025-06-14 16:26:58 --> Session: Class initialized using 'CodeIgniter\Session\Handlers\FileHandler' driver.
DEBUG - 2025-06-14 16:27:15 --> Session: Class initialized using 'CodeIgniter\Session\Handlers\FileHandler' driver.
DEBUG - 2025-06-14 16:27:17 --> Session: Class initialized using 'CodeIgniter\Session\Handlers\FileHandler' driver.
DEBUG - 2025-06-14 16:27:27 --> Session: Class initialized using 'CodeIgniter\Session\Handlers\FileHandler' driver.
DEBUG - 2025-06-14 16:27:27 --> Session: Class initialized using 'CodeIgniter\Session\Handlers\FileHandler' driver.
DEBUG - 2025-06-14 16:32:28 --> Session: Class initialized using 'CodeIgniter\Session\Handlers\FileHandler' driver.
DEBUG - 2025-06-14 16:32:57 --> Session: Class initialized using 'CodeIgniter\Session\Handlers\FileHandler' driver.
DEBUG - 2025-06-14 16:32:57 --> Session: Class initialized using 'CodeIgniter\Session\Handlers\FileHandler' driver.
DEBUG - 2025-06-14 16:33:14 --> Session: Class initialized using 'CodeIgniter\Session\Handlers\FileHandler' driver.
CRITICAL - 2025-06-14 16:33:43 --> CodeIgniter\View\Exceptions\ViewException: Invalid file: "status_verifikasi.php"
[Method: GET, Route: verification/reject/azal]
in SYSTEMPATH\Exceptions\FrameworkException.php on line 39.
 1 SYSTEMPATH\View\View.php(212): CodeIgniter\Exceptions\FrameworkException::forInvalidFile('status_verifikasi.php')
 2 SYSTEMPATH\Common.php(1173): CodeIgniter\View\View->render('status_verifikasi', [], true)
 3 APPPATH\Controllers\Verification.php(21): view('status_verifikasi', [...])
 4 SYSTEMPATH\CodeIgniter.php(933): App\Controllers\Verification->reject('azal')
 5 SYSTEMPATH\CodeIgniter.php(507): CodeIgniter\CodeIgniter->runController(Object(App\Controllers\Verification))
 6 SYSTEMPATH\CodeIgniter.php(354): CodeIgniter\CodeIgniter->handleRequest(null, Object(Config\Cache), false)
 7 SYSTEMPATH\Boot.php(334): CodeIgniter\CodeIgniter->run()
 8 SYSTEMPATH\Boot.php(67): CodeIgniter\Boot::runCodeIgniter(Object(CodeIgniter\CodeIgniter))
 9 FCPATH\index.php(59): CodeIgniter\Boot::bootWeb(Object(Config\Paths))
10 SYSTEMPATH\rewrite.php(44): require_once('C:\\laragon\\www\\dagangin-mart\\public\\index.php')
CRITICAL - 2025-06-14 16:34:38 --> ErrorException: Undefined variable $user
[Method: GET, Route: verification/reject/azal]
in APPPATH\Views\auth\status_verifikasi.php on line 96.
 1 APPPATH\Views\auth\status_verifikasi.php(96): CodeIgniter\Debug\Exceptions->errorHandler(2, 'Undefined variable $user', 'C:\\laragon\\www\\dagangin-mart\\app\\Views\\auth\\status_verifikasi.php', 96)
 2 SYSTEMPATH\View\View.php(224): include('C:\\laragon\\www\\dagangin-mart\\app\\Views\\auth\\status_verifikasi.php')
 3 SYSTEMPATH\View\View.php(227): CodeIgniter\View\View->CodeIgniter\View\{closure}()
 4 SYSTEMPATH\Common.php(1173): CodeIgniter\View\View->render('auth/status_verifikasi', [], true)
 5 APPPATH\Controllers\Verification.php(21): view('auth/status_verifikasi', [...])
 6 SYSTEMPATH\CodeIgniter.php(933): App\Controllers\Verification->reject('azal')
 7 SYSTEMPATH\CodeIgniter.php(507): CodeIgniter\CodeIgniter->runController(Object(App\Controllers\Verification))
 8 SYSTEMPATH\CodeIgniter.php(354): CodeIgniter\CodeIgniter->handleRequest(null, Object(Config\Cache), false)
 9 SYSTEMPATH\Boot.php(334): CodeIgniter\CodeIgniter->run()
10 SYSTEMPATH\Boot.php(67): CodeIgniter\Boot::runCodeIgniter(Object(CodeIgniter\CodeIgniter))
11 FCPATH\index.php(59): CodeIgniter\Boot::bootWeb(Object(Config\Paths))
12 SYSTEMPATH\rewrite.php(44): require_once('C:\\laragon\\www\\dagangin-mart\\public\\index.php')
DEBUG - 2025-06-14 16:35:43 --> Session: Class initialized using 'CodeIgniter\Session\Handlers\FileHandler' driver.
DEBUG - 2025-06-14 16:41:58 --> Session: Class initialized using 'CodeIgniter\Session\Handlers\FileHandler' driver.
DEBUG - 2025-06-14 16:44:49 --> Session: Class initialized using 'CodeIgniter\Session\Handlers\FileHandler' driver.
DEBUG - 2025-06-14 16:45:17 --> Session: Class initialized using 'CodeIgniter\Session\Handlers\FileHandler' driver.
DEBUG - 2025-06-14 16:45:29 --> Session: Class initialized using 'CodeIgniter\Session\Handlers\FileHandler' driver.
DEBUG - 2025-06-14 16:45:39 --> Session: Class initialized using 'CodeIgniter\Session\Handlers\FileHandler' driver.
DEBUG - 2025-06-14 16:49:09 --> Session: Class initialized using 'CodeIgniter\Session\Handlers\FileHandler' driver.
DEBUG - 2025-06-14 16:49:11 --> Session: Class initialized using 'CodeIgniter\Session\Handlers\FileHandler' driver.
DEBUG - 2025-06-14 16:49:23 --> Session: Class initialized using 'CodeIgniter\Session\Handlers\FileHandler' driver.
DEBUG - 2025-06-14 16:49:25 --> Session: Class initialized using 'CodeIgniter\Session\Handlers\FileHandler' driver.
DEBUG - 2025-06-14 16:49:29 --> Session: Class initialized using 'CodeIgniter\Session\Handlers\FileHandler' driver.
DEBUG - 2025-06-14 16:49:33 --> Session: Class initialized using 'CodeIgniter\Session\Handlers\FileHandler' driver.
DEBUG - 2025-06-14 16:50:00 --> Session: Class initialized using 'CodeIgniter\Session\Handlers\FileHandler' driver.
DEBUG - 2025-06-14 16:50:02 --> Session: Class initialized using 'CodeIgniter\Session\Handlers\FileHandler' driver.
DEBUG - 2025-06-14 16:50:12 --> Session: Class initialized using 'CodeIgniter\Session\Handlers\FileHandler' driver.
