CRITICAL - 2025-06-28 02:51:12 --> ErrorException: Undefined variable $message
[Method: GET, Route: uploads/produk/1750643888_a8398a35ffff94b5b656.jpg]
in APPPATH\Views\errors\html\error_404.php on line 77.
 1 APPPATH\Views\errors\html\error_404.php(77): CodeIgniter\Debug\Exceptions->errorHandler(2, 'Undefined variable $message', 'C:\\laragon\\www\\dagangin-mart2\\app\\Views\\errors\\html\\error_404.php', 77)
 2 SYSTEMPATH\View\View.php(224): include('C:\\laragon\\www\\dagangin-mart2\\app\\Views\\errors\\html\\error_404.php')
 3 SYSTEMPATH\View\View.php(227): CodeIgniter\View\View->CodeIgniter\View\{closure}()
 4 SYSTEMPATH\Common.php(1173): CodeIgniter\View\View->render('errors/html/error_404', [], true)
 5 APPPATH\Config\Routes.php(88): view('errors/html/error_404', [...])
 6 SYSTEMPATH\CodeIgniter.php(957): CodeIgniter\Router\RouteCollection->{closure}('Can\'t find a route for \'GET: uploads/produk/1750643888_a8398a35ffff94b5b656.jpg\'.')
 7 SYSTEMPATH\CodeIgniter.php(360): CodeIgniter\CodeIgniter->display404errors(Object(CodeIgniter\Exceptions\PageNotFoundException))
 8 SYSTEMPATH\Boot.php(334): CodeIgniter\CodeIgniter->run()
 9 SYSTEMPATH\Boot.php(67): CodeIgniter\Boot::runCodeIgniter(Object(CodeIgniter\CodeIgniter))
10 FCPATH\index.php(59): CodeIgniter\Boot::bootWeb(Object(Config\Paths))
11 SYSTEMPATH\rewrite.php(44): require_once('C:\\laragon\\www\\dagangin-mart2\\public\\index.php')
CRITICAL - 2025-06-28 02:51:12 --> ErrorException: Undefined variable $message
[Method: GET, Route: uploads/produk/1750643698_a27d3e159d60c9b384e2.jpg]
in APPPATH\Views\errors\html\error_404.php on line 77.
 1 APPPATH\Views\errors\html\error_404.php(77): CodeIgniter\Debug\Exceptions->errorHandler(2, 'Undefined variable $message', 'C:\\laragon\\www\\dagangin-mart2\\app\\Views\\errors\\html\\error_404.php', 77)
 2 SYSTEMPATH\View\View.php(224): include('C:\\laragon\\www\\dagangin-mart2\\app\\Views\\errors\\html\\error_404.php')
 3 SYSTEMPATH\View\View.php(227): CodeIgniter\View\View->CodeIgniter\View\{closure}()
 4 SYSTEMPATH\Common.php(1173): CodeIgniter\View\View->render('errors/html/error_404', [], true)
 5 APPPATH\Config\Routes.php(88): view('errors/html/error_404', [...])
 6 SYSTEMPATH\CodeIgniter.php(957): CodeIgniter\Router\RouteCollection->{closure}('Can\'t find a route for \'GET: uploads/produk/1750643698_a27d3e159d60c9b384e2.jpg\'.')
 7 SYSTEMPATH\CodeIgniter.php(360): CodeIgniter\CodeIgniter->display404errors(Object(CodeIgniter\Exceptions\PageNotFoundException))
 8 SYSTEMPATH\Boot.php(334): CodeIgniter\CodeIgniter->run()
 9 SYSTEMPATH\Boot.php(67): CodeIgniter\Boot::runCodeIgniter(Object(CodeIgniter\CodeIgniter))
10 FCPATH\index.php(59): CodeIgniter\Boot::bootWeb(Object(Config\Paths))
11 SYSTEMPATH\rewrite.php(44): require_once('C:\\laragon\\www\\dagangin-mart2\\public\\index.php')
CRITICAL - 2025-06-28 02:51:12 --> ErrorException: Undefined variable $message
[Method: GET, Route: uploads/produk/1750643378_7d581f9283961c34f64a.jpg]
in APPPATH\Views\errors\html\error_404.php on line 77.
 1 APPPATH\Views\errors\html\error_404.php(77): CodeIgniter\Debug\Exceptions->errorHandler(2, 'Undefined variable $message', 'C:\\laragon\\www\\dagangin-mart2\\app\\Views\\errors\\html\\error_404.php', 77)
 2 SYSTEMPATH\View\View.php(224): include('C:\\laragon\\www\\dagangin-mart2\\app\\Views\\errors\\html\\error_404.php')
 3 SYSTEMPATH\View\View.php(227): CodeIgniter\View\View->CodeIgniter\View\{closure}()
 4 SYSTEMPATH\Common.php(1173): CodeIgniter\View\View->render('errors/html/error_404', [], true)
 5 APPPATH\Config\Routes.php(88): view('errors/html/error_404', [...])
 6 SYSTEMPATH\CodeIgniter.php(957): CodeIgniter\Router\RouteCollection->{closure}('Can\'t find a route for \'GET: uploads/produk/1750643378_7d581f9283961c34f64a.jpg\'.')
 7 SYSTEMPATH\CodeIgniter.php(360): CodeIgniter\CodeIgniter->display404errors(Object(CodeIgniter\Exceptions\PageNotFoundException))
 8 SYSTEMPATH\Boot.php(334): CodeIgniter\CodeIgniter->run()
 9 SYSTEMPATH\Boot.php(67): CodeIgniter\Boot::runCodeIgniter(Object(CodeIgniter\CodeIgniter))
10 FCPATH\index.php(59): CodeIgniter\Boot::bootWeb(Object(Config\Paths))
11 SYSTEMPATH\rewrite.php(44): require_once('C:\\laragon\\www\\dagangin-mart2\\public\\index.php')
CRITICAL - 2025-06-28 02:51:12 --> ErrorException: Undefined variable $message
[Method: GET, Route: uploads/produk/1750643028_5d633390d75445e8a8fc.jpg]
in APPPATH\Views\errors\html\error_404.php on line 77.
 1 APPPATH\Views\errors\html\error_404.php(77): CodeIgniter\Debug\Exceptions->errorHandler(2, 'Undefined variable $message', 'C:\\laragon\\www\\dagangin-mart2\\app\\Views\\errors\\html\\error_404.php', 77)
 2 SYSTEMPATH\View\View.php(224): include('C:\\laragon\\www\\dagangin-mart2\\app\\Views\\errors\\html\\error_404.php')
 3 SYSTEMPATH\View\View.php(227): CodeIgniter\View\View->CodeIgniter\View\{closure}()
 4 SYSTEMPATH\Common.php(1173): CodeIgniter\View\View->render('errors/html/error_404', [], true)
 5 APPPATH\Config\Routes.php(88): view('errors/html/error_404', [...])
 6 SYSTEMPATH\CodeIgniter.php(957): CodeIgniter\Router\RouteCollection->{closure}('Can\'t find a route for \'GET: uploads/produk/1750643028_5d633390d75445e8a8fc.jpg\'.')
 7 SYSTEMPATH\CodeIgniter.php(360): CodeIgniter\CodeIgniter->display404errors(Object(CodeIgniter\Exceptions\PageNotFoundException))
 8 SYSTEMPATH\Boot.php(334): CodeIgniter\CodeIgniter->run()
 9 SYSTEMPATH\Boot.php(67): CodeIgniter\Boot::runCodeIgniter(Object(CodeIgniter\CodeIgniter))
10 FCPATH\index.php(59): CodeIgniter\Boot::bootWeb(Object(Config\Paths))
11 SYSTEMPATH\rewrite.php(44): require_once('C:\\laragon\\www\\dagangin-mart2\\public\\index.php')
CRITICAL - 2025-06-28 02:51:12 --> ErrorException: Undefined variable $message
[Method: GET, Route: uploads/produk/1750642770_3163842b83e9b02cc3d5.jpg]
in APPPATH\Views\errors\html\error_404.php on line 77.
 1 APPPATH\Views\errors\html\error_404.php(77): CodeIgniter\Debug\Exceptions->errorHandler(2, 'Undefined variable $message', 'C:\\laragon\\www\\dagangin-mart2\\app\\Views\\errors\\html\\error_404.php', 77)
 2 SYSTEMPATH\View\View.php(224): include('C:\\laragon\\www\\dagangin-mart2\\app\\Views\\errors\\html\\error_404.php')
 3 SYSTEMPATH\View\View.php(227): CodeIgniter\View\View->CodeIgniter\View\{closure}()
 4 SYSTEMPATH\Common.php(1173): CodeIgniter\View\View->render('errors/html/error_404', [], true)
 5 APPPATH\Config\Routes.php(88): view('errors/html/error_404', [...])
 6 SYSTEMPATH\CodeIgniter.php(957): CodeIgniter\Router\RouteCollection->{closure}('Can\'t find a route for \'GET: uploads/produk/1750642770_3163842b83e9b02cc3d5.jpg\'.')
 7 SYSTEMPATH\CodeIgniter.php(360): CodeIgniter\CodeIgniter->display404errors(Object(CodeIgniter\Exceptions\PageNotFoundException))
 8 SYSTEMPATH\Boot.php(334): CodeIgniter\CodeIgniter->run()
 9 SYSTEMPATH\Boot.php(67): CodeIgniter\Boot::runCodeIgniter(Object(CodeIgniter\CodeIgniter))
10 FCPATH\index.php(59): CodeIgniter\Boot::bootWeb(Object(Config\Paths))
11 SYSTEMPATH\rewrite.php(44): require_once('C:\\laragon\\www\\dagangin-mart2\\public\\index.php')
CRITICAL - 2025-06-28 02:52:51 --> ErrorException: Namespace declaration statement has to be the very first statement or after any declare call in the script
[Method: GET, Route: /]
in APPPATH\Controllers\User.php on line 4.
 1 [internal function]: CodeIgniter\Debug\Exceptions->shutdownHandler()
